[Tue Dec 10 17:31:08.731634 2019] [ssl:warn] [pid 12320:tid 632] AH01909: testssl.locl:443:0 server certificate does NOT include an ID which matches the server name
[Tue Dec 10 17:31:08.776615 2019] [ssl:warn] [pid 12320:tid 632] AH01909: testssl.locl:443:0 server certificate does NOT include an ID which matches the server name
[Tue Dec 10 17:31:09.209595 2019] [ssl:warn] [pid 22952:tid 624] AH01909: testssl.locl:443:0 server certificate does NOT include an ID which matches the server name
[Tue Dec 10 17:31:09.243635 2019] [ssl:warn] [pid 22952:tid 624] AH01909: testssl.locl:443:0 server certificate does NOT include an ID which matches the server name
[Tue Dec 10 18:43:56.756463 2019] [ssl:warn] [pid 20352:tid 620] AH01909: local.oasisgroup.it:443:0 server certificate does NOT include an ID which matches the server name
[Tue Dec 10 18:43:56.809624 2019] [ssl:warn] [pid 20352:tid 620] AH01909: local.oasisgroup.it:443:0 server certificate does NOT include an ID which matches the server name
[Tue Dec 10 18:43:57.240609 2019] [ssl:warn] [pid 19844:tid 624] AH01909: local.oasisgroup.it:443:0 server certificate does NOT include an ID which matches the server name
[Tue Dec 10 18:43:57.277625 2019] [ssl:warn] [pid 19844:tid 624] AH01909: local.oasisgroup.it:443:0 server certificate does NOT include an ID which matches the server name
[Wed Dec 11 08:40:25.065025 2019] [ssl:warn] [pid 17512:tid 536] AH01909: local.oasisgroup.it:443:0 server certificate does NOT include an ID which matches the server name
[Wed Dec 11 08:40:25.103985 2019] [ssl:warn] [pid 17512:tid 536] AH01909: local.oasisgroup.it:443:0 server certificate does NOT include an ID which matches the server name
[Wed Dec 11 08:40:25.804984 2019] [ssl:warn] [pid 17736:tid 532] AH01909: local.oasisgroup.it:443:0 server certificate does NOT include an ID which matches the server name
[Wed Dec 11 08:40:25.838031 2019] [ssl:warn] [pid 17736:tid 532] AH01909: local.oasisgroup.it:443:0 server certificate does NOT include an ID which matches the server name
[Thu Dec 12 17:17:57.774386 2019] [ssl:warn] [pid 12472:tid 616] AH01909: local.oasisgroup.it:443:0 server certificate does NOT include an ID which matches the server name
[Thu Dec 12 17:17:57.817387 2019] [ssl:warn] [pid 12472:tid 616] AH01909: local.oasisgroup.it:443:0 server certificate does NOT include an ID which matches the server name
[Thu Dec 12 17:17:58.503753 2019] [ssl:warn] [pid 3212:tid 624] AH01909: local.oasisgroup.it:443:0 server certificate does NOT include an ID which matches the server name
[Thu Dec 12 17:17:58.536741 2019] [ssl:warn] [pid 3212:tid 624] AH01909: local.oasisgroup.it:443:0 server certificate does NOT include an ID which matches the server name
[Fri Dec 13 09:04:51.391338 2019] [ssl:warn] [pid 7912:tid 592] AH01909: local.oasisgroup.it:443:0 server certificate does NOT include an ID which matches the server name
[Fri Dec 13 09:04:51.441338 2019] [ssl:warn] [pid 7912:tid 592] AH01909: local.oasisgroup.it:443:0 server certificate does NOT include an ID which matches the server name
[Fri Dec 13 09:04:52.295345 2019] [ssl:warn] [pid 6892:tid 656] AH01909: local.oasisgroup.it:443:0 server certificate does NOT include an ID which matches the server name
[Fri Dec 13 09:04:52.347340 2019] [ssl:warn] [pid 6892:tid 656] AH01909: local.oasisgroup.it:443:0 server certificate does NOT include an ID which matches the server name
[Fri Dec 13 14:44:39.603547 2019] [ssl:warn] [pid 22536:tid 644] AH01909: local.oasisgroup.it:443:0 server certificate does NOT include an ID which matches the server name
[Fri Dec 13 14:44:39.643547 2019] [ssl:warn] [pid 22536:tid 644] AH01909: local.oasisgroup.it:443:0 server certificate does NOT include an ID which matches the server name
[Fri Dec 13 14:44:40.330027 2019] [ssl:warn] [pid 14844:tid 672] AH01909: local.oasisgroup.it:443:0 server certificate does NOT include an ID which matches the server name
[Fri Dec 13 14:44:40.364027 2019] [ssl:warn] [pid 14844:tid 672] AH01909: local.oasisgroup.it:443:0 server certificate does NOT include an ID which matches the server name
[Mon Dec 16 08:29:05.661484 2019] [ssl:warn] [pid 15764:tid 656] AH01909: local.oasisgroup.it:443:0 server certificate does NOT include an ID which matches the server name
[Mon Dec 16 08:29:05.707483 2019] [ssl:warn] [pid 15764:tid 656] AH01909: local.oasisgroup.it:443:0 server certificate does NOT include an ID which matches the server name
[Mon Dec 16 08:29:06.363483 2019] [ssl:warn] [pid 17576:tid 660] AH01909: local.oasisgroup.it:443:0 server certificate does NOT include an ID which matches the server name
[Mon Dec 16 08:29:06.400480 2019] [ssl:warn] [pid 17576:tid 660] AH01909: local.oasisgroup.it:443:0 server certificate does NOT include an ID which matches the server name
[Tue Dec 17 08:30:30.283591 2019] [ssl:warn] [pid 17128:tid 656] AH01909: local.oasisgroup.it:443:0 server certificate does NOT include an ID which matches the server name
[Tue Dec 17 08:30:30.328591 2019] [ssl:warn] [pid 17128:tid 656] AH01909: local.oasisgroup.it:443:0 server certificate does NOT include an ID which matches the server name
[Tue Dec 17 08:30:31.034592 2019] [ssl:warn] [pid 16448:tid 636] AH01909: local.oasisgroup.it:443:0 server certificate does NOT include an ID which matches the server name
[Tue Dec 17 08:30:31.073609 2019] [ssl:warn] [pid 16448:tid 636] AH01909: local.oasisgroup.it:443:0 server certificate does NOT include an ID which matches the server name
[Wed Dec 18 08:57:35.439784 2019] [ssl:warn] [pid 1232:tid 628] AH01909: local.oasisgroup.it:443:0 server certificate does NOT include an ID which matches the server name
[Wed Dec 18 08:57:35.480784 2019] [ssl:warn] [pid 1232:tid 628] AH01909: local.oasisgroup.it:443:0 server certificate does NOT include an ID which matches the server name
[Wed Dec 18 08:57:36.178428 2019] [ssl:warn] [pid 17716:tid 636] AH01909: local.oasisgroup.it:443:0 server certificate does NOT include an ID which matches the server name
[Wed Dec 18 08:57:36.213396 2019] [ssl:warn] [pid 17716:tid 636] AH01909: local.oasisgroup.it:443:0 server certificate does NOT include an ID which matches the server name
[Fri Dec 20 08:28:42.236660 2019] [ssl:warn] [pid 19660:tid 616] AH01909: local.oasisgroup.it:443:0 server certificate does NOT include an ID which matches the server name
[Fri Dec 20 08:28:42.276694 2019] [ssl:warn] [pid 19660:tid 616] AH01909: local.oasisgroup.it:443:0 server certificate does NOT include an ID which matches the server name
[Fri Dec 20 08:28:43.006604 2019] [ssl:warn] [pid 19984:tid 628] AH01909: local.oasisgroup.it:443:0 server certificate does NOT include an ID which matches the server name
[Fri Dec 20 08:28:43.044627 2019] [ssl:warn] [pid 19984:tid 628] AH01909: local.oasisgroup.it:443:0 server certificate does NOT include an ID which matches the server name
[Mon Dec 23 15:45:44.401393 2019] [ssl:warn] [pid 18400:tid 620] AH01909: local.oasisgroup.it:443:0 server certificate does NOT include an ID which matches the server name
[Mon Dec 23 15:45:44.446502 2019] [ssl:warn] [pid 18400:tid 620] AH01909: local.oasisgroup.it:443:0 server certificate does NOT include an ID which matches the server name
[Mon Dec 23 15:45:45.181080 2019] [ssl:warn] [pid 9308:tid 628] AH01909: local.oasisgroup.it:443:0 server certificate does NOT include an ID which matches the server name
[Mon Dec 23 15:45:45.213675 2019] [ssl:warn] [pid 9308:tid 628] AH01909: local.oasisgroup.it:443:0 server certificate does NOT include an ID which matches the server name
[Tue Dec 24 08:24:33.176040 2019] [ssl:warn] [pid 7716:tid 548] AH01909: local.oasisgroup.it:443:0 server certificate does NOT include an ID which matches the server name
[Tue Dec 24 08:24:33.216394 2019] [ssl:warn] [pid 7716:tid 548] AH01909: local.oasisgroup.it:443:0 server certificate does NOT include an ID which matches the server name
[Tue Dec 24 08:24:33.873374 2019] [ssl:warn] [pid 17084:tid 636] AH01909: local.oasisgroup.it:443:0 server certificate does NOT include an ID which matches the server name
[Tue Dec 24 08:24:33.913374 2019] [ssl:warn] [pid 17084:tid 636] AH01909: local.oasisgroup.it:443:0 server certificate does NOT include an ID which matches the server name
[Fri Dec 27 16:36:23.433210 2019] [ssl:warn] [pid 10480:tid 628] AH01909: local.oasisgroup.it:443:0 server certificate does NOT include an ID which matches the server name
[Fri Dec 27 16:36:23.478215 2019] [ssl:warn] [pid 10480:tid 628] AH01909: local.oasisgroup.it:443:0 server certificate does NOT include an ID which matches the server name
[Fri Dec 27 16:36:24.248101 2019] [ssl:warn] [pid 1004:tid 652] AH01909: local.oasisgroup.it:443:0 server certificate does NOT include an ID which matches the server name
[Fri Dec 27 16:36:24.282387 2019] [ssl:warn] [pid 1004:tid 652] AH01909: local.oasisgroup.it:443:0 server certificate does NOT include an ID which matches the server name
[Mon Dec 30 08:52:25.396756 2019] [ssl:warn] [pid 18672:tid 640] AH01909: local.oasisgroup.it:443:0 server certificate does NOT include an ID which matches the server name
[Mon Dec 30 08:52:25.435749 2019] [ssl:warn] [pid 18672:tid 640] AH01909: local.oasisgroup.it:443:0 server certificate does NOT include an ID which matches the server name
[Mon Dec 30 08:52:26.058714 2019] [ssl:warn] [pid 12888:tid 632] AH01909: local.oasisgroup.it:443:0 server certificate does NOT include an ID which matches the server name
[Mon Dec 30 08:52:26.099711 2019] [ssl:warn] [pid 12888:tid 632] AH01909: local.oasisgroup.it:443:0 server certificate does NOT include an ID which matches the server name
[Thu Jan 02 08:50:40.199999 2020] [ssl:warn] [pid 9868:tid 628] AH01909: local.oasisgroup.it:443:0 server certificate does NOT include an ID which matches the server name
[Thu Jan 02 08:50:40.248453 2020] [ssl:warn] [pid 9868:tid 628] AH01909: local.oasisgroup.it:443:0 server certificate does NOT include an ID which matches the server name
[Thu Jan 02 08:50:41.040507 2020] [ssl:warn] [pid 16480:tid 636] AH01909: local.oasisgroup.it:443:0 server certificate does NOT include an ID which matches the server name
[Thu Jan 02 08:50:41.082509 2020] [ssl:warn] [pid 16480:tid 636] AH01909: local.oasisgroup.it:443:0 server certificate does NOT include an ID which matches the server name
[Fri Jan 03 08:47:57.672167 2020] [ssl:warn] [pid 13232:tid 624] AH01909: local.oasisgroup.it:443:0 server certificate does NOT include an ID which matches the server name
[Fri Jan 03 08:47:57.721198 2020] [ssl:warn] [pid 13232:tid 624] AH01909: local.oasisgroup.it:443:0 server certificate does NOT include an ID which matches the server name
[Fri Jan 03 08:47:58.450362 2020] [ssl:warn] [pid 13660:tid 636] AH01909: local.oasisgroup.it:443:0 server certificate does NOT include an ID which matches the server name
[Fri Jan 03 08:47:58.482856 2020] [ssl:warn] [pid 13660:tid 636] AH01909: local.oasisgroup.it:443:0 server certificate does NOT include an ID which matches the server name
[Fri Jan 03 09:03:13.602751 2020] [ssl:warn] [pid 18144:tid 624] AH01909: local.oasisgroup.it:443:0 server certificate does NOT include an ID which matches the server name
[Fri Jan 03 09:03:13.652751 2020] [ssl:warn] [pid 18144:tid 624] AH01909: local.oasisgroup.it:443:0 server certificate does NOT include an ID which matches the server name
[Fri Jan 03 09:03:14.163294 2020] [ssl:warn] [pid 15988:tid 624] AH01909: local.oasisgroup.it:443:0 server certificate does NOT include an ID which matches the server name
[Fri Jan 03 09:03:14.206294 2020] [ssl:warn] [pid 15988:tid 624] AH01909: local.oasisgroup.it:443:0 server certificate does NOT include an ID which matches the server name
[Tue Jan 07 08:18:13.336733 2020] [ssl:warn] [pid 18560:tid 664] AH01909: local.oasisgroup.it:443:0 server certificate does NOT include an ID which matches the server name
[Tue Jan 07 08:18:13.424734 2020] [ssl:warn] [pid 18560:tid 664] AH01909: local.oasisgroup.it:443:0 server certificate does NOT include an ID which matches the server name
[Tue Jan 07 08:18:14.838730 2020] [ssl:warn] [pid 19172:tid 624] AH01909: local.oasisgroup.it:443:0 server certificate does NOT include an ID which matches the server name
[Tue Jan 07 08:18:14.887730 2020] [ssl:warn] [pid 19172:tid 624] AH01909: local.oasisgroup.it:443:0 server certificate does NOT include an ID which matches the server name
[Thu Jan 09 08:10:40.093123 2020] [ssl:warn] [pid 16988:tid 616] AH01909: local.oasisgroup.it:443:0 server certificate does NOT include an ID which matches the server name
[Thu Jan 09 08:10:40.142123 2020] [ssl:warn] [pid 16988:tid 616] AH01909: local.oasisgroup.it:443:0 server certificate does NOT include an ID which matches the server name
[Thu Jan 09 08:10:40.917644 2020] [ssl:warn] [pid 16888:tid 656] AH01909: local.oasisgroup.it:443:0 server certificate does NOT include an ID which matches the server name
[Thu Jan 09 08:10:40.953644 2020] [ssl:warn] [pid 16888:tid 656] AH01909: local.oasisgroup.it:443:0 server certificate does NOT include an ID which matches the server name
[Fri Jan 10 08:22:31.213911 2020] [ssl:warn] [pid 17984:tid 616] AH01909: local.oasisgroup.it:443:0 server certificate does NOT include an ID which matches the server name
[Fri Jan 10 08:22:31.255386 2020] [ssl:warn] [pid 17984:tid 616] AH01909: local.oasisgroup.it:443:0 server certificate does NOT include an ID which matches the server name
[Fri Jan 10 08:22:31.959117 2020] [ssl:warn] [pid 18120:tid 624] AH01909: local.oasisgroup.it:443:0 server certificate does NOT include an ID which matches the server name
[Fri Jan 10 08:22:31.991117 2020] [ssl:warn] [pid 18120:tid 624] AH01909: local.oasisgroup.it:443:0 server certificate does NOT include an ID which matches the server name
[Mon Jan 13 17:36:50.306397 2020] [ssl:warn] [pid 3724:tid 632] AH01909: local.oasisgroup.it:443:0 server certificate does NOT include an ID which matches the server name
[Mon Jan 13 17:36:50.347432 2020] [ssl:warn] [pid 3724:tid 632] AH01909: local.oasisgroup.it:443:0 server certificate does NOT include an ID which matches the server name
[Mon Jan 13 17:36:51.048478 2020] [ssl:warn] [pid 9128:tid 628] AH01909: local.oasisgroup.it:443:0 server certificate does NOT include an ID which matches the server name
[Mon Jan 13 17:36:51.078466 2020] [ssl:warn] [pid 9128:tid 628] AH01909: local.oasisgroup.it:443:0 server certificate does NOT include an ID which matches the server name
[Tue Jan 14 08:24:01.013533 2020] [ssl:warn] [pid 17096:tid 600] AH01909: local.oasisgroup.it:443:0 server certificate does NOT include an ID which matches the server name
[Tue Jan 14 08:24:01.062536 2020] [ssl:warn] [pid 17096:tid 600] AH01909: local.oasisgroup.it:443:0 server certificate does NOT include an ID which matches the server name
[Tue Jan 14 08:24:01.727566 2020] [ssl:warn] [pid 15292:tid 624] AH01909: local.oasisgroup.it:443:0 server certificate does NOT include an ID which matches the server name
[Tue Jan 14 08:24:01.761568 2020] [ssl:warn] [pid 15292:tid 624] AH01909: local.oasisgroup.it:443:0 server certificate does NOT include an ID which matches the server name
[Wed Jan 15 08:38:34.488762 2020] [ssl:warn] [pid 12928:tid 624] AH01909: local.oasisgroup.it:443:0 server certificate does NOT include an ID which matches the server name
[Wed Jan 15 08:38:34.538747 2020] [ssl:warn] [pid 12928:tid 624] AH01909: local.oasisgroup.it:443:0 server certificate does NOT include an ID which matches the server name
[Wed Jan 15 08:38:35.258786 2020] [ssl:warn] [pid 13744:tid 660] AH01909: local.oasisgroup.it:443:0 server certificate does NOT include an ID which matches the server name
[Wed Jan 15 08:38:35.290783 2020] [ssl:warn] [pid 13744:tid 660] AH01909: local.oasisgroup.it:443:0 server certificate does NOT include an ID which matches the server name
[Thu Jan 16 08:00:46.908496 2020] [ssl:warn] [pid 15772:tid 628] AH01909: local.oasisgroup.it:443:0 server certificate does NOT include an ID which matches the server name
[Thu Jan 16 08:00:46.950178 2020] [ssl:warn] [pid 15772:tid 628] AH01909: local.oasisgroup.it:443:0 server certificate does NOT include an ID which matches the server name
[Thu Jan 16 08:00:47.773592 2020] [ssl:warn] [pid 12132:tid 628] AH01909: local.oasisgroup.it:443:0 server certificate does NOT include an ID which matches the server name
[Thu Jan 16 08:00:47.810562 2020] [ssl:warn] [pid 12132:tid 628] AH01909: local.oasisgroup.it:443:0 server certificate does NOT include an ID which matches the server name
[Fri Jan 17 15:17:39.443054 2020] [ssl:warn] [pid 12044:tid 636] AH01909: local.oasisgroup.it:443:0 server certificate does NOT include an ID which matches the server name
[Fri Jan 17 15:17:39.486054 2020] [ssl:warn] [pid 12044:tid 636] AH01909: local.oasisgroup.it:443:0 server certificate does NOT include an ID which matches the server name
[Fri Jan 17 15:17:40.674058 2020] [ssl:warn] [pid 18900:tid 544] AH01909: local.oasisgroup.it:443:0 server certificate does NOT include an ID which matches the server name
[Fri Jan 17 15:17:40.782058 2020] [ssl:warn] [pid 18900:tid 544] AH01909: local.oasisgroup.it:443:0 server certificate does NOT include an ID which matches the server name
[Fri Jan 17 16:57:39.054353 2020] [ssl:warn] [pid 17412:tid 544] AH01909: local.oasisgroup.it:443:0 server certificate does NOT include an ID which matches the server name
[Fri Jan 17 16:57:39.321911 2020] [ssl:warn] [pid 17412:tid 544] AH01909: local.oasisgroup.it:443:0 server certificate does NOT include an ID which matches the server name
[Fri Jan 17 16:57:44.750368 2020] [ssl:warn] [pid 17780:tid 568] AH01909: local.oasisgroup.it:443:0 server certificate does NOT include an ID which matches the server name
[Fri Jan 17 16:57:44.972369 2020] [ssl:warn] [pid 17780:tid 568] AH01909: local.oasisgroup.it:443:0 server certificate does NOT include an ID which matches the server name
[Mon Jan 20 08:20:33.449644 2020] [ssl:warn] [pid 16560:tid 672] AH01909: local.oasisgroup.it:443:0 server certificate does NOT include an ID which matches the server name
[Mon Jan 20 08:20:33.496642 2020] [ssl:warn] [pid 16560:tid 672] AH01909: local.oasisgroup.it:443:0 server certificate does NOT include an ID which matches the server name
[Mon Jan 20 08:20:34.202684 2020] [ssl:warn] [pid 7172:tid 624] AH01909: local.oasisgroup.it:443:0 server certificate does NOT include an ID which matches the server name
[Mon Jan 20 08:20:34.237642 2020] [ssl:warn] [pid 7172:tid 624] AH01909: local.oasisgroup.it:443:0 server certificate does NOT include an ID which matches the server name
[Tue Jan 21 09:08:18.520036 2020] [ssl:warn] [pid 15204:tid 624] AH01909: local.oasisgroup.it:443:0 server certificate does NOT include an ID which matches the server name
[Tue Jan 21 09:08:18.560155 2020] [ssl:warn] [pid 15204:tid 624] AH01909: local.oasisgroup.it:443:0 server certificate does NOT include an ID which matches the server name
[Tue Jan 21 09:08:19.279377 2020] [ssl:warn] [pid 11904:tid 648] AH01909: local.oasisgroup.it:443:0 server certificate does NOT include an ID which matches the server name
[Tue Jan 21 09:08:19.319382 2020] [ssl:warn] [pid 11904:tid 648] AH01909: local.oasisgroup.it:443:0 server certificate does NOT include an ID which matches the server name
[Tue Jan 21 11:43:19.543490 2020] [ssl:warn] [pid 16712:tid 604] AH01909: local.oasisgroup.it:443:0 server certificate does NOT include an ID which matches the server name
[Tue Jan 21 11:43:19.629490 2020] [ssl:warn] [pid 16712:tid 604] AH01909: local.oasisgroup.it:443:0 server certificate does NOT include an ID which matches the server name
[Tue Jan 21 11:43:21.767101 2020] [ssl:warn] [pid 16352:tid 692] AH01909: local.oasisgroup.it:443:0 server certificate does NOT include an ID which matches the server name
[Tue Jan 21 11:43:21.848102 2020] [ssl:warn] [pid 16352:tid 692] AH01909: local.oasisgroup.it:443:0 server certificate does NOT include an ID which matches the server name
[Thu Jan 23 08:28:48.924286 2020] [ssl:warn] [pid 18804:tid 148] AH01909: local.oasisgroup.it:443:0 server certificate does NOT include an ID which matches the server name
[Thu Jan 23 08:28:48.972281 2020] [ssl:warn] [pid 18804:tid 148] AH01909: local.oasisgroup.it:443:0 server certificate does NOT include an ID which matches the server name
[Thu Jan 23 08:28:49.875285 2020] [ssl:warn] [pid 19040:tid 640] AH01909: local.oasisgroup.it:443:0 server certificate does NOT include an ID which matches the server name
[Thu Jan 23 08:28:50.005284 2020] [ssl:warn] [pid 19040:tid 640] AH01909: local.oasisgroup.it:443:0 server certificate does NOT include an ID which matches the server name
[Mon Jan 27 11:06:08.774004 2020] [ssl:warn] [pid 18304:tid 632] AH01909: local.oasisgroup.it:443:0 server certificate does NOT include an ID which matches the server name
[Mon Jan 27 11:06:08.818832 2020] [ssl:warn] [pid 18304:tid 632] AH01909: local.oasisgroup.it:443:0 server certificate does NOT include an ID which matches the server name
[Mon Jan 27 11:06:09.540101 2020] [ssl:warn] [pid 15468:tid 628] AH01909: local.oasisgroup.it:443:0 server certificate does NOT include an ID which matches the server name
[Mon Jan 27 11:06:09.572818 2020] [ssl:warn] [pid 15468:tid 628] AH01909: local.oasisgroup.it:443:0 server certificate does NOT include an ID which matches the server name
[Wed Jan 29 08:29:59.771117 2020] [ssl:warn] [pid 21176:tid 608] AH01909: local.oasisgroup.it:443:0 server certificate does NOT include an ID which matches the server name
[Wed Jan 29 08:29:59.819117 2020] [ssl:warn] [pid 21176:tid 608] AH01909: local.oasisgroup.it:443:0 server certificate does NOT include an ID which matches the server name
[Wed Jan 29 08:30:00.631059 2020] [ssl:warn] [pid 14876:tid 624] AH01909: local.oasisgroup.it:443:0 server certificate does NOT include an ID which matches the server name
[Wed Jan 29 08:30:00.666989 2020] [ssl:warn] [pid 14876:tid 624] AH01909: local.oasisgroup.it:443:0 server certificate does NOT include an ID which matches the server name
[Thu Jan 30 08:17:46.573288 2020] [ssl:warn] [pid 13420:tid 656] AH01909: local.oasisgroup.it:443:0 server certificate does NOT include an ID which matches the server name
[Thu Jan 30 08:17:46.638286 2020] [ssl:warn] [pid 13420:tid 656] AH01909: local.oasisgroup.it:443:0 server certificate does NOT include an ID which matches the server name
[Thu Jan 30 08:17:47.818749 2020] [ssl:warn] [pid 5656:tid 664] AH01909: local.oasisgroup.it:443:0 server certificate does NOT include an ID which matches the server name
[Thu Jan 30 08:17:47.884751 2020] [ssl:warn] [pid 5656:tid 664] AH01909: local.oasisgroup.it:443:0 server certificate does NOT include an ID which matches the server name
[Fri Jan 31 09:41:47.466583 2020] [ssl:warn] [pid 2240:tid 672] AH01909: local.oasisgroup.it:443:0 server certificate does NOT include an ID which matches the server name
[Fri Jan 31 09:41:47.515579 2020] [ssl:warn] [pid 2240:tid 672] AH01909: local.oasisgroup.it:443:0 server certificate does NOT include an ID which matches the server name
[Fri Jan 31 09:41:48.246522 2020] [ssl:warn] [pid 18528:tid 624] AH01909: local.oasisgroup.it:443:0 server certificate does NOT include an ID which matches the server name
[Fri Jan 31 09:41:48.282554 2020] [ssl:warn] [pid 18528:tid 624] AH01909: local.oasisgroup.it:443:0 server certificate does NOT include an ID which matches the server name
[Mon Feb 03 09:51:07.069355 2020] [ssl:warn] [pid 16172:tid 632] AH01909: local.oasisgroup.it:443:0 server certificate does NOT include an ID which matches the server name
[Mon Feb 03 09:51:07.110006 2020] [ssl:warn] [pid 16172:tid 632] AH01909: local.oasisgroup.it:443:0 server certificate does NOT include an ID which matches the server name
[Mon Feb 03 09:51:07.801894 2020] [ssl:warn] [pid 1880:tid 628] AH01909: local.oasisgroup.it:443:0 server certificate does NOT include an ID which matches the server name
[Mon Feb 03 09:51:07.834894 2020] [ssl:warn] [pid 1880:tid 628] AH01909: local.oasisgroup.it:443:0 server certificate does NOT include an ID which matches the server name
[Mon Feb 03 10:02:03.822525 2020] [ssl:warn] [pid 12172:tid 616] AH01909: local.oasisgroup.it:443:0 server certificate does NOT include an ID which matches the server name
[Mon Feb 03 10:02:03.917468 2020] [ssl:warn] [pid 12172:tid 616] AH01909: local.oasisgroup.it:443:0 server certificate does NOT include an ID which matches the server name
[Mon Feb 03 10:02:04.417184 2020] [ssl:warn] [pid 16084:tid 628] AH01909: local.oasisgroup.it:443:0 server certificate does NOT include an ID which matches the server name
[Mon Feb 03 10:02:04.451222 2020] [ssl:warn] [pid 16084:tid 628] AH01909: local.oasisgroup.it:443:0 server certificate does NOT include an ID which matches the server name
[Mon Feb 03 10:04:16.726394 2020] [ssl:warn] [pid 6728:tid 628] AH01909: local.oasisgroup.it:443:0 server certificate does NOT include an ID which matches the server name
[Mon Feb 03 10:04:16.794393 2020] [ssl:warn] [pid 6728:tid 628] AH01909: local.oasisgroup.it:443:0 server certificate does NOT include an ID which matches the server name
[Mon Feb 03 10:04:17.302433 2020] [ssl:warn] [pid 12644:tid 648] AH01909: local.oasisgroup.it:443:0 server certificate does NOT include an ID which matches the server name
[Mon Feb 03 10:04:17.342438 2020] [ssl:warn] [pid 12644:tid 648] AH01909: local.oasisgroup.it:443:0 server certificate does NOT include an ID which matches the server name
[Mon Feb 03 10:05:24.125229 2020] [ssl:warn] [pid 7120:tid 644] AH01909: local.oasisgroup.it:443:0 server certificate does NOT include an ID which matches the server name
[Mon Feb 03 10:05:24.214271 2020] [ssl:warn] [pid 7120:tid 644] AH01909: local.oasisgroup.it:443:0 server certificate does NOT include an ID which matches the server name
[Mon Feb 03 10:05:25.170612 2020] [ssl:warn] [pid 14864:tid 640] AH01909: local.oasisgroup.it:443:0 server certificate does NOT include an ID which matches the server name
[Mon Feb 03 10:05:25.226169 2020] [ssl:warn] [pid 14864:tid 640] AH01909: local.oasisgroup.it:443:0 server certificate does NOT include an ID which matches the server name
[Mon Feb 03 10:08:08.619441 2020] [ssl:warn] [pid 2996:tid 624] AH01909: local.oasisgroup.it:443:0 server certificate does NOT include an ID which matches the server name
[Mon Feb 03 10:08:08.659576 2020] [ssl:warn] [pid 2996:tid 624] AH01909: local.oasisgroup.it:443:0 server certificate does NOT include an ID which matches the server name
[Mon Feb 03 10:08:09.094514 2020] [ssl:warn] [pid 3284:tid 624] AH01909: local.oasisgroup.it:443:0 server certificate does NOT include an ID which matches the server name
[Mon Feb 03 10:08:09.134514 2020] [ssl:warn] [pid 3284:tid 624] AH01909: local.oasisgroup.it:443:0 server certificate does NOT include an ID which matches the server name
[Mon Feb 03 15:41:04.620548 2020] [ssl:warn] [pid 25968:tid 688] AH01909: local.oasisgroup.it:443:0 server certificate does NOT include an ID which matches the server name
[Mon Feb 03 15:41:04.673549 2020] [ssl:warn] [pid 25968:tid 688] AH01909: local.oasisgroup.it:443:0 server certificate does NOT include an ID which matches the server name
[Mon Feb 03 15:41:05.102547 2020] [ssl:warn] [pid 23636:tid 624] AH01909: local.oasisgroup.it:443:0 server certificate does NOT include an ID which matches the server name
[Mon Feb 03 15:41:05.138581 2020] [ssl:warn] [pid 23636:tid 624] AH01909: local.oasisgroup.it:443:0 server certificate does NOT include an ID which matches the server name
[Mon Feb 03 16:18:04.373348 2020] [ssl:warn] [pid 2000:tid 540] AH01909: local.oasisgroup.it:443:0 server certificate does NOT include an ID which matches the server name
[Mon Feb 03 16:18:04.535353 2020] [ssl:warn] [pid 2000:tid 540] AH01909: local.oasisgroup.it:443:0 server certificate does NOT include an ID which matches the server name
[Mon Feb 03 16:18:06.639345 2020] [ssl:warn] [pid 18312:tid 628] AH01909: local.oasisgroup.it:443:0 server certificate does NOT include an ID which matches the server name
[Mon Feb 03 16:18:06.763352 2020] [ssl:warn] [pid 18312:tid 628] AH01909: local.oasisgroup.it:443:0 server certificate does NOT include an ID which matches the server name
[Mon Feb 03 17:02:23.802847 2020] [ssl:warn] [pid 5732:tid 544] AH01909: local.oasisgroup.it:443:0 server certificate does NOT include an ID which matches the server name
[Mon Feb 03 17:02:23.849824 2020] [ssl:warn] [pid 5732:tid 544] AH01909: local.oasisgroup.it:443:0 server certificate does NOT include an ID which matches the server name
[Mon Feb 03 17:02:24.684825 2020] [ssl:warn] [pid 3120:tid 628] AH01909: local.oasisgroup.it:443:0 server certificate does NOT include an ID which matches the server name
[Mon Feb 03 17:02:24.735826 2020] [ssl:warn] [pid 3120:tid 628] AH01909: local.oasisgroup.it:443:0 server certificate does NOT include an ID which matches the server name
[Tue Feb 04 17:45:01.359737 2020] [ssl:warn] [pid 9032:tid 640] AH01909: local.oasisgroup.it:443:0 server certificate does NOT include an ID which matches the server name
[Tue Feb 04 17:45:01.402734 2020] [ssl:warn] [pid 9032:tid 640] AH01909: local.oasisgroup.it:443:0 server certificate does NOT include an ID which matches the server name
[Tue Feb 04 17:45:02.053464 2020] [ssl:warn] [pid 8992:tid 624] AH01909: local.oasisgroup.it:443:0 server certificate does NOT include an ID which matches the server name
[Tue Feb 04 17:45:02.089458 2020] [ssl:warn] [pid 8992:tid 624] AH01909: local.oasisgroup.it:443:0 server certificate does NOT include an ID which matches the server name
[Wed Feb 05 08:21:50.111096 2020] [ssl:warn] [pid 15916:tid 704] AH01909: local.oasisgroup.it:443:0 server certificate does NOT include an ID which matches the server name
[Wed Feb 05 08:21:50.151630 2020] [ssl:warn] [pid 15916:tid 704] AH01909: local.oasisgroup.it:443:0 server certificate does NOT include an ID which matches the server name
[Wed Feb 05 08:21:50.999645 2020] [ssl:warn] [pid 5976:tid 636] AH01909: local.oasisgroup.it:443:0 server certificate does NOT include an ID which matches the server name
[Wed Feb 05 08:21:51.038646 2020] [ssl:warn] [pid 5976:tid 636] AH01909: local.oasisgroup.it:443:0 server certificate does NOT include an ID which matches the server name
[Thu Feb 06 08:30:50.814943 2020] [ssl:warn] [pid 6120:tid 632] AH01909: local.oasisgroup.it:443:0 server certificate does NOT include an ID which matches the server name
[Thu Feb 06 08:30:50.864949 2020] [ssl:warn] [pid 6120:tid 632] AH01909: local.oasisgroup.it:443:0 server certificate does NOT include an ID which matches the server name
[Thu Feb 06 08:30:51.645942 2020] [ssl:warn] [pid 17924:tid 628] AH01909: local.oasisgroup.it:443:0 server certificate does NOT include an ID which matches the server name
[Thu Feb 06 08:30:51.686942 2020] [ssl:warn] [pid 17924:tid 628] AH01909: local.oasisgroup.it:443:0 server certificate does NOT include an ID which matches the server name
[Thu Feb 06 08:54:43.815428 2020] [ssl:warn] [pid 16720:tid 656] AH01909: local.oasisgroup.it:443:0 server certificate does NOT include an ID which matches the server name
[Thu Feb 06 08:54:43.857449 2020] [ssl:warn] [pid 16720:tid 656] AH01909: local.oasisgroup.it:443:0 server certificate does NOT include an ID which matches the server name
[Thu Feb 06 08:54:44.281990 2020] [ssl:warn] [pid 2868:tid 628] AH01909: local.oasisgroup.it:443:0 server certificate does NOT include an ID which matches the server name
[Thu Feb 06 08:54:44.312849 2020] [ssl:warn] [pid 2868:tid 628] AH01909: local.oasisgroup.it:443:0 server certificate does NOT include an ID which matches the server name
[Thu Feb 06 11:23:22.297380 2020] [ssl:warn] [pid 17160:tid 632] AH01909: local.oasisgroup.it:443:0 server certificate does NOT include an ID which matches the server name
[Thu Feb 06 11:23:22.337268 2020] [ssl:warn] [pid 17160:tid 632] AH01909: local.oasisgroup.it:443:0 server certificate does NOT include an ID which matches the server name
[Thu Feb 06 11:23:22.933138 2020] [ssl:warn] [pid 19416:tid 636] AH01909: local.oasisgroup.it:443:0 server certificate does NOT include an ID which matches the server name
[Thu Feb 06 11:23:22.971834 2020] [ssl:warn] [pid 19416:tid 636] AH01909: local.oasisgroup.it:443:0 server certificate does NOT include an ID which matches the server name
[Thu Feb 06 11:34:32.716418 2020] [ssl:warn] [pid 11824:tid 628] AH01909: local.oasisgroup.it:443:0 server certificate does NOT include an ID which matches the server name
[Thu Feb 06 11:34:32.762391 2020] [ssl:warn] [pid 11824:tid 628] AH01909: local.oasisgroup.it:443:0 server certificate does NOT include an ID which matches the server name
[Thu Feb 06 11:34:33.200390 2020] [ssl:warn] [pid 11568:tid 624] AH01909: local.oasisgroup.it:443:0 server certificate does NOT include an ID which matches the server name
[Thu Feb 06 11:34:33.241396 2020] [ssl:warn] [pid 11568:tid 624] AH01909: local.oasisgroup.it:443:0 server certificate does NOT include an ID which matches the server name
[Thu Feb 06 18:02:43.743081 2020] [ssl:warn] [pid 20820:tid 620] AH01909: local.oasisgroup.it:443:0 server certificate does NOT include an ID which matches the server name
[Thu Feb 06 18:02:43.780523 2020] [ssl:warn] [pid 20820:tid 620] AH01909: local.oasisgroup.it:443:0 server certificate does NOT include an ID which matches the server name
[Thu Feb 06 18:02:44.349236 2020] [ssl:warn] [pid 15120:tid 636] AH01909: local.oasisgroup.it:443:0 server certificate does NOT include an ID which matches the server name
[Thu Feb 06 18:02:44.382121 2020] [ssl:warn] [pid 15120:tid 636] AH01909: local.oasisgroup.it:443:0 server certificate does NOT include an ID which matches the server name
[Fri Feb 07 16:42:46.867276 2020] [ssl:warn] [pid 10304:tid 784] AH01909: local.oasisgroup.it:443:0 server certificate does NOT include an ID which matches the server name
[Fri Feb 07 16:42:47.132795 2020] [ssl:warn] [pid 10304:tid 784] AH01909: local.oasisgroup.it:443:0 server certificate does NOT include an ID which matches the server name
[Fri Feb 07 16:42:54.164745 2020] [ssl:warn] [pid 15608:tid 576] AH01909: local.oasisgroup.it:443:0 server certificate does NOT include an ID which matches the server name
[Fri Feb 07 16:42:54.474606 2020] [ssl:warn] [pid 15608:tid 576] AH01909: local.oasisgroup.it:443:0 server certificate does NOT include an ID which matches the server name
[Mon Feb 10 08:17:59.510114 2020] [ssl:warn] [pid 6152:tid 580] AH01909: local.oasisgroup.it:443:0 server certificate does NOT include an ID which matches the server name
[Mon Feb 10 08:17:59.552111 2020] [ssl:warn] [pid 6152:tid 580] AH01909: local.oasisgroup.it:443:0 server certificate does NOT include an ID which matches the server name
[Mon Feb 10 08:18:00.229199 2020] [ssl:warn] [pid 17388:tid 624] AH01909: local.oasisgroup.it:443:0 server certificate does NOT include an ID which matches the server name
[Mon Feb 10 08:18:00.261213 2020] [ssl:warn] [pid 17388:tid 624] AH01909: local.oasisgroup.it:443:0 server certificate does NOT include an ID which matches the server name
[Tue Feb 11 21:22:12.455690 2020] [ssl:warn] [pid 8340:tid 472] AH01909: local.oasisgroup.it:443:0 server certificate does NOT include an ID which matches the server name
[Tue Feb 11 21:22:12.512592 2020] [ssl:warn] [pid 8340:tid 472] AH01909: local.oasisgroup.it:443:0 server certificate does NOT include an ID which matches the server name
[Tue Feb 11 21:22:14.061575 2020] [ssl:warn] [pid 9780:tid 664] AH01909: local.oasisgroup.it:443:0 server certificate does NOT include an ID which matches the server name
[Tue Feb 11 21:22:14.207262 2020] [ssl:warn] [pid 9780:tid 664] AH01909: local.oasisgroup.it:443:0 server certificate does NOT include an ID which matches the server name
[Fri Feb 21 14:55:55.231338 2020] [ssl:warn] [pid 19248:tid 668] AH01909: local.oasisgroup.it:443:0 server certificate does NOT include an ID which matches the server name
[Fri Feb 21 14:55:55.287411 2020] [ssl:warn] [pid 19248:tid 668] AH01909: local.oasisgroup.it:443:0 server certificate does NOT include an ID which matches the server name
[Fri Feb 21 14:55:56.520352 2020] [ssl:warn] [pid 15548:tid 624] AH01909: local.oasisgroup.it:443:0 server certificate does NOT include an ID which matches the server name
[Fri Feb 21 14:55:56.605975 2020] [ssl:warn] [pid 15548:tid 624] AH01909: local.oasisgroup.it:443:0 server certificate does NOT include an ID which matches the server name
